<?xml version="1.0" encoding="UTF-8"?>
<!-- Generated by org.testng.reporters.JUnitXMLReporter -->
<testsuite ignored="1" hostname="DESKTOP-SJSFUQ5" failures="0" tests="3" name="Car Loan" time="0.048" errors="0" timestamp="2024-03-14T23:09:41 IST">
  <testcase classname="test.CarLoan" name="LogInApiCarLoan" time="0.006"/>
  <testcase classname="test.CarLoan" name="SmokeLogInApiCarLoan" time="0.002"/>
  <testcase classname="test.CarLoan" name="WeblogInCarLoan" time="0.001"/>
  <testcase classname="test.CarLoan" name="MobilelogInCarLoan" time="0.0">
    <ignored/>
  </testcase> <!-- MobilelogInCarLoan -->
</testsuite> <!-- Car Loan -->
