<?xml version="1.0" encoding="UTF-8"?>
<!-- Generated by org.testng.reporters.JUnitXMLReporter -->
<testsuite ignored="0" hostname="DESKTOP-SJSFUQ5" failures="0" tests="3" name="Home Loan" time="0.011" errors="0" timestamp="2024-03-14T23:09:41 IST">
  <testcase classname="test.HomeLoan" name="LogInApiHomeLoan" time="0.002"/>
  <testcase classname="test.HomeLoan" name="MobilelogInHomeLoan" time="0.002"/>
  <testcase classname="test.HomeLoan" name="WeblogInHomeLoan" time="0.001"/>
</testsuite> <!-- Home Loan -->
