<?xml version="1.0" encoding="UTF-8"?>
<!-- Generated by org.testng.reporters.JUnitXMLReporter -->
<testsuite ignored="1" hostname="DESKTOP-SJSFUQ5" failures="0" tests="2" name="Personal Loan" time="0.047" errors="0" timestamp="2024-03-14T23:09:41 IST">
  <testcase classname="test.PersonalLoan" name="PLoan" time="0.005"/>
  <testcase classname="test.PersonalLoan" name="SmokePLoan" time="0.002"/>
  <testcase classname="test.Basics" name="DemoPersonalLon" time="0.0">
    <ignored/>
  </testcase> <!-- DemoPersonalLon -->
</testsuite> <!-- Personal Loan -->
